  0%|          | 0/1 [00:00<?, ?it/s]/home/jeff/miniconda3/envs/mdgen/lib/python3.10/site-packages/mdtraj/core/topology.py:84: UserWarning: atom_indices are not monotonically increasing
  warnings.warn("atom_indices are not monotonically increasing")
mdtraj/rmsd/src/theobald_rmsd.cpp UNCONVERGED ROTATION MATRIX. RETURNING IDENTITY=300
mdtraj/rmsd/src/theobald_rmsd.cpp UNCONVERGED ROTATION MATRIX. RETURNING IDENTITY=300
mdtraj/rmsd/src/theobald_rmsd.cpp UNCONVERGED ROTATION MATRIX. RETURNING IDENTITY=300
mdtraj/rmsd/src/theobald_rmsd.cpp UNCONVERGED ROTATION MATRIX. RETURNING IDENTITY=300
mdtraj/rmsd/src/theobald_rmsd.cpp UNCONVERGED ROTATION MATRIX. RETURNING IDENTITY=300
mdtraj/rmsd/src/theobald_rmsd.cpp UNCONVERGED ROTATION MATRIX. RETURNING IDENTITY=300
mdtraj/rmsd/src/theobald_rmsd.cpp UNCONVERGED ROTATION MATRIX. RETURNING IDENTITY=300
mdtraj/rmsd/src/theobald_rmsd.cpp UNCONVERGED ROTATION MATRIX. RETURNING IDENTITY=300
mdtraj/rmsd/src/theobald_rmsd.cpp UNCONVERGED ROTATION MATRIX. RETURNING IDENTITY=300
mdtraj/rmsd/src/theobald_rmsd.cpp UNCONVERGED ROTATION MATRIX. RETURNING IDENTITY=300
mdtraj/rmsd/src/theobald_rmsd.cpp UNCONVERGED ROTATION MATRIX. RETURNING IDENTITY=300
mdtraj/rmsd/src/theobald_rmsd.cpp UNCONVERGED ROTATION MATRIX. RETURNING IDENTITY=300
mdtraj/rmsd/src/theobald_rmsd.cpp UNCONVERGED ROTATION MATRIX. RETURNING IDENTITY=300
mdtraj/rmsd/src/theobald_rmsd.cpp UNCONVERGED ROTATION MATRIX. RETURNING IDENTITY=300
mdtraj/rmsd/src/theobald_rmsd.cpp UNCONVERGED ROTATION MATRIX. RETURNING IDENTITY=300
mdtraj/rmsd/src/theobald_rmsd.cpp UNCONVERGED ROTATION MATRIX. RETURNING IDENTITY=300
mdtraj/rmsd/src/theobald_rmsd.cpp UNCONVERGED ROTATION MATRIX. RETURNING IDENTITY=300
mdtraj/rmsd/src/theobald_rmsd.cpp UNCONVERGED ROTATION MATRIX. RETURNING IDENTITY=300
mdtraj/rmsd/src/theobald_rmsd.cpp UNCONVERGED ROTATION MATRIX. RETURNING IDENTITY=300
mdtraj/rmsd/src/theobald_rmsd.cpp UNCONVERGED ROTATION MATRIX. RETURNING IDENTITY=300
mdtraj/rmsd/src/theobald_rmsd.cpp UNCONVERGED ROTATION MATRIX. RETURNING IDENTITY=300
mdtraj/rmsd/src/theobald_rmsd.cpp UNCONVERGED ROTATION MATRIX. RETURNING IDENTITY=300
mdtraj/rmsd/src/theobald_rmsd.cpp UNCONVERGED ROTATION MATRIX. RETURNING IDENTITY=300
mdtraj/rmsd/src/theobald_rmsd.cpp UNCONVERGED ROTATION MATRIX. RETURNING IDENTITY=300
mdtraj/rmsd/src/theobald_rmsd.cpp UNCONVERGED ROTATION MATRIX. RETURNING IDENTITY=300
mdtraj/rmsd/src/theobald_rmsd.cpp UNCONVERGED ROTATION MATRIX. RETURNING IDENTITY=300
mdtraj/rmsd/src/theobald_rmsd.cpp UNCONVERGED ROTATION MATRIX. RETURNING IDENTITY=300
mdtraj/rmsd/src/theobald_rmsd.cpp UNCONVERGED ROTATION MATRIX. RETURNING IDENTITY=300
mdtraj/rmsd/src/theobald_rmsd.cpp UNCONVERGED ROTATION MATRIX. RETURNING IDENTITY=300
mdtraj/rmsd/src/theobald_rmsd.cpp UNCONVERGED ROTATION MATRIX. RETURNING IDENTITY=300
mdtraj/rmsd/src/theobald_rmsd.cpp UNCONVERGED ROTATION MATRIX. RETURNING IDENTITY=300
mdtraj/rmsd/src/theobald_rmsd.cpp UNCONVERGED ROTATION MATRIX. RETURNING IDENTITY=300
mdtraj/rmsd/src/theobald_rmsd.cpp UNCONVERGED ROTATION MATRIX. RETURNING IDENTITY=300
mdtraj/rmsd/src/theobald_rmsd.cpp UNCONVERGED ROTATION MATRIX. RETURNING IDENTITY=300
mdtraj/rmsd/src/theobald_rmsd.cpp UNCONVERGED ROTATION MATRIX. RETURNING IDENTITY=300
mdtraj/rmsd/src/theobald_rmsd.cpp UNCONVERGED ROTATION MATRIX. RETURNING IDENTITY=300
mdtraj/rmsd/src/theobald_rmsd.cpp UNCONVERGED ROTATION MATRIX. RETURNING IDENTITY=300
mdtraj/rmsd/src/theobald_rmsd.cpp UNCONVERGED ROTATION MATRIX. RETURNING IDENTITY=300
mdtraj/rmsd/src/theobald_rmsd.cpp UNCONVERGED ROTATION MATRIX. RETURNING IDENTITY=300
mdtraj/rmsd/src/theobald_rmsd.cpp UNCONVERGED ROTATION MATRIX. RETURNING IDENTITY=300
mdtraj/rmsd/src/theobald_rmsd.cpp UNCONVERGED ROTATION MATRIX. RETURNING IDENTITY=300
mdtraj/rmsd/src/theobald_rmsd.cpp UNCONVERGED ROTATION MATRIX. RETURNING IDENTITY=300
mdtraj/rmsd/src/theobald_rmsd.cpp UNCONVERGED ROTATION MATRIX. RETURNING IDENTITY=300
mdtraj/rmsd/src/theobald_rmsd.cpp UNCONVERGED ROTATION MATRIX. RETURNING IDENTITY=300
mdtraj/rmsd/src/theobald_rmsd.cpp UNCONVERGED ROTATION MATRIX. RETURNING IDENTITY=300
mdtraj/rmsd/src/theobald_rmsd.cpp UNCONVERGED ROTATION MATRIX. RETURNING IDENTITY=300
mdtraj/rmsd/src/theobald_rmsd.cpp UNCONVERGED ROTATION MATRIX. RETURNING IDENTITY=300
mdtraj/rmsd/src/theobald_rmsd.cpp UNCONVERGED ROTATION MATRIX. RETURNING IDENTITY=300
mdtraj/rmsd/src/theobald_rmsd.cpp UNCONVERGED ROTATION MATRIX. RETURNING IDENTITY=300
mdtraj/rmsd/src/theobald_rmsd.cpp UNCONVERGED ROTATION MATRIX. RETURNING IDENTITY=300
mdtraj/rmsd/src/theobald_rmsd.cpp UNCONVERGED ROTATION MATRIX. RETURNING IDENTITY=300
mdtraj/rmsd/src/theobald_rmsd.cpp UNCONVERGED ROTATION MATRIX. RETURNING IDENTITY=300
mdtraj/rmsd/src/theobald_rmsd.cpp UNCONVERGED ROTATION MATRIX. RETURNING IDENTITY=300
mdtraj/rmsd/src/theobald_rmsd.cpp UNCONVERGED ROTATION MATRIX. RETURNING IDENTITY=300
mdtraj/rmsd/src/theobald_rmsd.cpp UNCONVERGED ROTATION MATRIX. RETURNING IDENTITY=300
mdtraj/rmsd/src/theobald_rmsd.cpp UNCONVERGED ROTATION MATRIX. RETURNING IDENTITY=300
mdtraj/rmsd/src/theobald_rmsd.cpp UNCONVERGED ROTATION MATRIX. RETURNING IDENTITY=300
mdtraj/rmsd/src/theobald_rmsd.cpp UNCONVERGED ROTATION MATRIX. RETURNING IDENTITY=300
mdtraj/rmsd/src/theobald_rmsd.cpp UNCONVERGED ROTATION MATRIX. RETURNING IDENTITY=300
mdtraj/rmsd/src/theobald_rmsd.cpp UNCONVERGED ROTATION MATRIX. RETURNING IDENTITY=300
mdtraj/rmsd/src/theobald_rmsd.cpp UNCONVERGED ROTATION MATRIX. RETURNING IDENTITY=300
mdtraj/rmsd/src/theobald_rmsd.cpp UNCONVERGED ROTATION MATRIX. RETURNING IDENTITY=300
mdtraj/rmsd/src/theobald_rmsd.cpp UNCONVERGED ROTATION MATRIX. RETURNING IDENTITY=300
mdtraj/rmsd/src/theobald_rmsd.cpp UNCONVERGED ROTATION MATRIX. RETURNING IDENTITY=300
mdtraj/rmsd/src/theobald_rmsd.cpp UNCONVERGED ROTATION MATRIX. RETURNING IDENTITY=300
mdtraj/rmsd/src/theobald_rmsd.cpp UNCONVERGED ROTATION MATRIX. RETURNING IDENTITY=300
mdtraj/rmsd/src/theobald_rmsd.cpp UNCONVERGED ROTATION MATRIX. RETURNING IDENTITY=300
mdtraj/rmsd/src/theobald_rmsd.cpp UNCONVERGED ROTATION MATRIX. RETURNING IDENTITY=300
mdtraj/rmsd/src/theobald_rmsd.cpp UNCONVERGED ROTATION MATRIX. RETURNING IDENTITY=300
mdtraj/rmsd/src/theobald_rmsd.cpp UNCONVERGED ROTATION MATRIX. RETURNING IDENTITY=300
mdtraj/rmsd/src/theobald_rmsd.cpp UNCONVERGED ROTATION MATRIX. RETURNING IDENTITY=300
mdtraj/rmsd/src/theobald_rmsd.cpp UNCONVERGED ROTATION MATRIX. RETURNING IDENTITY=300
mdtraj/rmsd/src/theobald_rmsd.cpp UNCONVERGED ROTATION MATRIX. RETURNING IDENTITY=300
mdtraj/rmsd/src/theobald_rmsd.cpp UNCONVERGED ROTATION MATRIX. RETURNING IDENTITY=300
mdtraj/rmsd/src/theobald_rmsd.cpp UNCONVERGED ROTATION MATRIX. RETURNING IDENTITY=300
mdtraj/rmsd/src/theobald_rmsd.cpp UNCONVERGED ROTATION MATRIX. RETURNING IDENTITY=300
mdtraj/rmsd/src/theobald_rmsd.cpp UNCONVERGED ROTATION MATRIX. RETURNING IDENTITY=300
mdtraj/rmsd/src/theobald_rmsd.cpp UNCONVERGED ROTATION MATRIX. RETURNING IDENTITY=300
mdtraj/rmsd/src/theobald_rmsd.cpp UNCONVERGED ROTATION MATRIX. RETURNING IDENTITY=300
mdtraj/rmsd/src/theobald_rmsd.cpp UNCONVERGED ROTATION MATRIX. RETURNING IDENTITY=300
mdtraj/rmsd/src/theobald_rmsd.cpp UNCONVERGED ROTATION MATRIX. RETURNING IDENTITY=300
mdtraj/rmsd/src/theobald_rmsd.cpp UNCONVERGED ROTATION MATRIX. RETURNING IDENTITY=300
mdtraj/rmsd/src/theobald_rmsd.cpp UNCONVERGED ROTATION MATRIX. RETURNING IDENTITY=300
mdtraj/rmsd/src/theobald_rmsd.cpp UNCONVERGED ROTATION MATRIX. RETURNING IDENTITY=300
mdtraj/rmsd/src/theobald_rmsd.cpp UNCONVERGED ROTATION MATRIX. RETURNING IDENTITY=300
mdtraj/rmsd/src/theobald_rmsd.cpp UNCONVERGED ROTATION MATRIX. RETURNING IDENTITY=300
mdtraj/rmsd/src/theobald_rmsd.cpp UNCONVERGED ROTATION MATRIX. RETURNING IDENTITY=300
mdtraj/rmsd/src/theobald_rmsd.cpp UNCONVERGED ROTATION MATRIX. RETURNING IDENTITY=300
mdtraj/rmsd/src/theobald_rmsd.cpp UNCONVERGED ROTATION MATRIX. RETURNING IDENTITY=300
mdtraj/rmsd/src/theobald_rmsd.cpp UNCONVERGED ROTATION MATRIX. RETURNING IDENTITY=300
mdtraj/rmsd/src/theobald_rmsd.cpp UNCONVERGED ROTATION MATRIX. RETURNING IDENTITY=300
mdtraj/rmsd/src/theobald_rmsd.cpp UNCONVERGED ROTATION MATRIX. RETURNING IDENTITY=300
mdtraj/rmsd/src/theobald_rmsd.cpp UNCONVERGED ROTATION MATRIX. RETURNING IDENTITY=300
mdtraj/rmsd/src/theobald_rmsd.cpp UNCONVERGED ROTATION MATRIX. RETURNING IDENTITY=300
mdtraj/rmsd/src/theobald_rmsd.cpp UNCONVERGED ROTATION MATRIX. RETURNING IDENTITY=300
mdtraj/rmsd/src/theobald_rmsd.cpp UNCONVERGED ROTATION MATRIX. RETURNING IDENTITY=300
mdtraj/rmsd/src/theobald_rmsd.cpp UNCONVERGED ROTATION MATRIX. RETURNING IDENTITY=300
mdtraj/rmsd/src/theobald_rmsd.cpp UNCONVERGED ROTATION MATRIX. RETURNING IDENTITY=300
mdtraj/rmsd/src/theobald_rmsd.cpp UNCONVERGED ROTATION MATRIX. RETURNING IDENTITY=300
mdtraj/rmsd/src/theobald_rmsd.cpp UNCONVERGED ROTATION MATRIX. RETURNING IDENTITY=300
mdtraj/rmsd/src/theobald_rmsd.cpp UNCONVERGED ROTATION MATRIX. RETURNING IDENTITY=300
mdtraj/rmsd/src/theobald_rmsd.cpp UNCONVERGED ROTATION MATRIX. RETURNING IDENTITY=300
mdtraj/rmsd/src/theobald_rmsd.cpp UNCONVERGED ROTATION MATRIX. RETURNING IDENTITY=300
mdtraj/rmsd/src/theobald_rmsd.cpp UNCONVERGED ROTATION MATRIX. RETURNING IDENTITY=300
mdtraj/rmsd/src/theobald_rmsd.cpp UNCONVERGED ROTATION MATRIX. RETURNING IDENTITY=300
mdtraj/rmsd/src/theobald_rmsd.cpp UNCONVERGED ROTATION MATRIX. RETURNING IDENTITY=300
mdtraj/rmsd/src/theobald_rmsd.cpp UNCONVERGED ROTATION MATRIX. RETURNING IDENTITY=300
mdtraj/rmsd/src/theobald_rmsd.cpp UNCONVERGED ROTATION MATRIX. RETURNING IDENTITY=300
mdtraj/rmsd/src/theobald_rmsd.cpp UNCONVERGED ROTATION MATRIX. RETURNING IDENTITY=300
mdtraj/rmsd/src/theobald_rmsd.cpp UNCONVERGED ROTATION MATRIX. RETURNING IDENTITY=300
mdtraj/rmsd/src/theobald_rmsd.cpp UNCONVERGED ROTATION MATRIX. RETURNING IDENTITY=300
mdtraj/rmsd/src/theobald_rmsd.cpp UNCONVERGED ROTATION MATRIX. RETURNING IDENTITY=300
mdtraj/rmsd/src/theobald_rmsd.cpp UNCONVERGED ROTATION MATRIX. RETURNING IDENTITY=300
mdtraj/rmsd/src/theobald_rmsd.cpp UNCONVERGED ROTATION MATRIX. RETURNING IDENTITY=300
mdtraj/rmsd/src/theobald_rmsd.cpp UNCONVERGED ROTATION MATRIX. RETURNING IDENTITY=300
mdtraj/rmsd/src/theobald_rmsd.cpp UNCONVERGED ROTATION MATRIX. RETURNING IDENTITY=300
mdtraj/rmsd/src/theobald_rmsd.cpp UNCONVERGED ROTATION MATRIX. RETURNING IDENTITY=300
mdtraj/rmsd/src/theobald_rmsd.cpp UNCONVERGED ROTATION MATRIX. RETURNING IDENTITY=300
mdtraj/rmsd/src/theobald_rmsd.cpp UNCONVERGED ROTATION MATRIX. RETURNING IDENTITY=300
mdtraj/rmsd/src/theobald_rmsd.cpp UNCONVERGED ROTATION MATRIX. RETURNING IDENTITY=300
mdtraj/rmsd/src/theobald_rmsd.cpp UNCONVERGED ROTATION MATRIX. RETURNING IDENTITY=300
mdtraj/rmsd/src/theobald_rmsd.cpp UNCONVERGED ROTATION MATRIX. RETURNING IDENTITY=300
mdtraj/rmsd/src/theobald_rmsd.cpp UNCONVERGED ROTATION MATRIX. RETURNING IDENTITY=300
mdtraj/rmsd/src/theobald_rmsd.cpp UNCONVERGED ROTATION MATRIX. RETURNING IDENTITY=300
mdtraj/rmsd/src/theobald_rmsd.cpp UNCONVERGED ROTATION MATRIX. RETURNING IDENTITY=300
mdtraj/rmsd/src/theobald_rmsd.cpp UNCONVERGED ROTATION MATRIX. RETURNING IDENTITY=300
mdtraj/rmsd/src/theobald_rmsd.cpp UNCONVERGED ROTATION MATRIX. RETURNING IDENTITY=300
mdtraj/rmsd/src/theobald_rmsd.cpp UNCONVERGED ROTATION MATRIX. RETURNING IDENTITY=300
mdtraj/rmsd/src/theobald_rmsd.cpp UNCONVERGED ROTATION MATRIX. RETURNING IDENTITY=300
mdtraj/rmsd/src/theobald_rmsd.cpp UNCONVERGED ROTATION MATRIX. RETURNING IDENTITY=300
mdtraj/rmsd/src/theobald_rmsd.cpp UNCONVERGED ROTATION MATRIX. RETURNING IDENTITY=300
mdtraj/rmsd/src/theobald_rmsd.cpp UNCONVERGED ROTATION MATRIX. RETURNING IDENTITY=300
mdtraj/rmsd/src/theobald_rmsd.cpp UNCONVERGED ROTATION MATRIX. RETURNING IDENTITY=300
mdtraj/rmsd/src/theobald_rmsd.cpp UNCONVERGED ROTATION MATRIX. RETURNING IDENTITY=300
mdtraj/rmsd/src/theobald_rmsd.cpp UNCONVERGED ROTATION MATRIX. RETURNING IDENTITY=300
mdtraj/rmsd/src/theobald_rmsd.cpp UNCONVERGED ROTATION MATRIX. RETURNING IDENTITY=300
mdtraj/rmsd/src/theobald_rmsd.cpp UNCONVERGED ROTATION MATRIX. RETURNING IDENTITY=300
mdtraj/rmsd/src/theobald_rmsd.cpp UNCONVERGED ROTATION MATRIX. RETURNING IDENTITY=300
mdtraj/rmsd/src/theobald_rmsd.cpp UNCONVERGED ROTATION MATRIX. RETURNING IDENTITY=300
mdtraj/rmsd/src/theobald_rmsd.cpp UNCONVERGED ROTATION MATRIX. RETURNING IDENTITY=300
mdtraj/rmsd/src/theobald_rmsd.cpp UNCONVERGED ROTATION MATRIX. RETURNING IDENTITY=300
mdtraj/rmsd/src/theobald_rmsd.cpp UNCONVERGED ROTATION MATRIX. RETURNING IDENTITY=300
mdtraj/rmsd/src/theobald_rmsd.cpp UNCONVERGED ROTATION MATRIX. RETURNING IDENTITY=300
mdtraj/rmsd/src/theobald_rmsd.cpp UNCONVERGED ROTATION MATRIX. RETURNING IDENTITY=300
mdtraj/rmsd/src/theobald_rmsd.cpp UNCONVERGED ROTATION MATRIX. RETURNING IDENTITY=300
mdtraj/rmsd/src/theobald_rmsd.cpp UNCONVERGED ROTATION MATRIX. RETURNING IDENTITY=300
mdtraj/rmsd/src/theobald_rmsd.cpp UNCONVERGED ROTATION MATRIX. RETURNING IDENTITY=300
mdtraj/rmsd/src/theobald_rmsd.cpp UNCONVERGED ROTATION MATRIX. RETURNING IDENTITY=300
mdtraj/rmsd/src/theobald_rmsd.cpp UNCONVERGED ROTATION MATRIX. RETURNING IDENTITY=300
mdtraj/rmsd/src/theobald_rmsd.cpp UNCONVERGED ROTATION MATRIX. RETURNING IDENTITY=300
mdtraj/rmsd/src/theobald_rmsd.cpp UNCONVERGED ROTATION MATRIX. RETURNING IDENTITY=300
mdtraj/rmsd/src/theobald_rmsd.cpp UNCONVERGED ROTATION MATRIX. RETURNING IDENTITY=300
mdtraj/rmsd/src/theobald_rmsd.cpp UNCONVERGED ROTATION MATRIX. RETURNING IDENTITY=300
mdtraj/rmsd/src/theobald_rmsd.cpp UNCONVERGED ROTATION MATRIX. RETURNING IDENTITY=300
mdtraj/rmsd/src/theobald_rmsd.cpp UNCONVERGED ROTATION MATRIX. RETURNING IDENTITY=300
mdtraj/rmsd/src/theobald_rmsd.cpp UNCONVERGED ROTATION MATRIX. RETURNING IDENTITY=300
mdtraj/rmsd/src/theobald_rmsd.cpp UNCONVERGED ROTATION MATRIX. RETURNING IDENTITY=300
mdtraj/rmsd/src/theobald_rmsd.cpp UNCONVERGED ROTATION MATRIX. RETURNING IDENTITY=300
mdtraj/rmsd/src/theobald_rmsd.cpp UNCONVERGED ROTATION MATRIX. RETURNING IDENTITY=300
mdtraj/rmsd/src/theobald_rmsd.cpp UNCONVERGED ROTATION MATRIX. RETURNING IDENTITY=300
mdtraj/rmsd/src/theobald_rmsd.cpp UNCONVERGED ROTATION MATRIX. RETURNING IDENTITY=300
mdtraj/rmsd/src/theobald_rmsd.cpp UNCONVERGED ROTATION MATRIX. RETURNING IDENTITY=300
mdtraj/rmsd/src/theobald_rmsd.cpp UNCONVERGED ROTATION MATRIX. RETURNING IDENTITY=300
mdtraj/rmsd/src/theobald_rmsd.cpp UNCONVERGED ROTATION MATRIX. RETURNING IDENTITY=300
mdtraj/rmsd/src/theobald_rmsd.cpp UNCONVERGED ROTATION MATRIX. RETURNING IDENTITY=300
mdtraj/rmsd/src/theobald_rmsd.cpp UNCONVERGED ROTATION MATRIX. RETURNING IDENTITY=300
mdtraj/rmsd/src/theobald_rmsd.cpp UNCONVERGED ROTATION MATRIX. RETURNING IDENTITY=300
mdtraj/rmsd/src/theobald_rmsd.cpp UNCONVERGED ROTATION MATRIX. RETURNING IDENTITY=300
mdtraj/rmsd/src/theobald_rmsd.cpp UNCONVERGED ROTATION MATRIX. RETURNING IDENTITY=300
mdtraj/rmsd/src/theobald_rmsd.cpp UNCONVERGED ROTATION MATRIX. RETURNING IDENTITY=300
mdtraj/rmsd/src/theobald_rmsd.cpp UNCONVERGED ROTATION MATRIX. RETURNING IDENTITY=300
mdtraj/rmsd/src/theobald_rmsd.cpp UNCONVERGED ROTATION MATRIX. RETURNING IDENTITY=300
mdtraj/rmsd/src/theobald_rmsd.cpp UNCONVERGED ROTATION MATRIX. RETURNING IDENTITY=300
mdtraj/rmsd/src/theobald_rmsd.cpp UNCONVERGED ROTATION MATRIX. RETURNING IDENTITY=300
mdtraj/rmsd/src/theobald_rmsd.cpp UNCONVERGED ROTATION MATRIX. RETURNING IDENTITY=300
mdtraj/rmsd/src/theobald_rmsd.cpp UNCONVERGED ROTATION MATRIX. RETURNING IDENTITY=300
mdtraj/rmsd/src/theobald_rmsd.cpp UNCONVERGED ROTATION MATRIX. RETURNING IDENTITY=300
mdtraj/rmsd/src/theobald_rmsd.cpp UNCONVERGED ROTATION MATRIX. RETURNING IDENTITY=300
mdtraj/rmsd/src/theobald_rmsd.cpp UNCONVERGED ROTATION MATRIX. RETURNING IDENTITY=300
mdtraj/rmsd/src/theobald_rmsd.cpp UNCONVERGED ROTATION MATRIX. RETURNING IDENTITY=300
mdtraj/rmsd/src/theobald_rmsd.cpp UNCONVERGED ROTATION MATRIX. RETURNING IDENTITY=300
mdtraj/rmsd/src/theobald_rmsd.cpp UNCONVERGED ROTATION MATRIX. RETURNING IDENTITY=300
mdtraj/rmsd/src/theobald_rmsd.cpp UNCONVERGED ROTATION MATRIX. RETURNING IDENTITY=300
mdtraj/rmsd/src/theobald_rmsd.cpp UNCONVERGED ROTATION MATRIX. RETURNING IDENTITY=300
mdtraj/rmsd/src/theobald_rmsd.cpp UNCONVERGED ROTATION MATRIX. RETURNING IDENTITY=300
mdtraj/rmsd/src/theobald_rmsd.cpp UNCONVERGED ROTATION MATRIX. RETURNING IDENTITY=300
mdtraj/rmsd/src/theobald_rmsd.cpp UNCONVERGED ROTATION MATRIX. RETURNING IDENTITY=300
mdtraj/rmsd/src/theobald_rmsd.cpp UNCONVERGED ROTATION MATRIX. RETURNING IDENTITY=300
mdtraj/rmsd/src/theobald_rmsd.cpp UNCONVERGED ROTATION MATRIX. RETURNING IDENTITY=300
mdtraj/rmsd/src/theobald_rmsd.cpp UNCONVERGED ROTATION MATRIX. RETURNING IDENTITY=300
mdtraj/rmsd/src/theobald_rmsd.cpp UNCONVERGED ROTATION MATRIX. RETURNING IDENTITY=300
mdtraj/rmsd/src/theobald_rmsd.cpp UNCONVERGED ROTATION MATRIX. RETURNING IDENTITY=300
mdtraj/rmsd/src/theobald_rmsd.cpp UNCONVERGED ROTATION MATRIX. RETURNING IDENTITY=300
mdtraj/rmsd/src/theobald_rmsd.cpp UNCONVERGED ROTATION MATRIX. RETURNING IDENTITY=300
mdtraj/rmsd/src/theobald_rmsd.cpp UNCONVERGED ROTATION MATRIX. RETURNING IDENTITY=300
mdtraj/rmsd/src/theobald_rmsd.cpp UNCONVERGED ROTATION MATRIX. RETURNING IDENTITY=300
mdtraj/rmsd/src/theobald_rmsd.cpp UNCONVERGED ROTATION MATRIX. RETURNING IDENTITY=300
mdtraj/rmsd/src/theobald_rmsd.cpp UNCONVERGED ROTATION MATRIX. RETURNING IDENTITY=300
mdtraj/rmsd/src/theobald_rmsd.cpp UNCONVERGED ROTATION MATRIX. RETURNING IDENTITY=300
mdtraj/rmsd/src/theobald_rmsd.cpp UNCONVERGED ROTATION MATRIX. RETURNING IDENTITY=300
mdtraj/rmsd/src/theobald_rmsd.cpp UNCONVERGED ROTATION MATRIX. RETURNING IDENTITY=300
mdtraj/rmsd/src/theobald_rmsd.cpp UNCONVERGED ROTATION MATRIX. RETURNING IDENTITY=300
mdtraj/rmsd/src/theobald_rmsd.cpp UNCONVERGED ROTATION MATRIX. RETURNING IDENTITY=300
mdtraj/rmsd/src/theobald_rmsd.cpp UNCONVERGED ROTATION MATRIX. RETURNING IDENTITY=300
mdtraj/rmsd/src/theobald_rmsd.cpp UNCONVERGED ROTATION MATRIX. RETURNING IDENTITY=300
mdtraj/rmsd/src/theobald_rmsd.cpp UNCONVERGED ROTATION MATRIX. RETURNING IDENTITY=300
mdtraj/rmsd/src/theobald_rmsd.cpp UNCONVERGED ROTATION MATRIX. RETURNING IDENTITY=300
mdtraj/rmsd/src/theobald_rmsd.cpp UNCONVERGED ROTATION MATRIX. RETURNING IDENTITY=300
mdtraj/rmsd/src/theobald_rmsd.cpp UNCONVERGED ROTATION MATRIX. RETURNING IDENTITY=300
mdtraj/rmsd/src/theobald_rmsd.cpp UNCONVERGED ROTATION MATRIX. RETURNING IDENTITY=300
mdtraj/rmsd/src/theobald_rmsd.cpp UNCONVERGED ROTATION MATRIX. RETURNING IDENTITY=300
mdtraj/rmsd/src/theobald_rmsd.cpp UNCONVERGED ROTATION MATRIX. RETURNING IDENTITY=300
mdtraj/rmsd/src/theobald_rmsd.cpp UNCONVERGED ROTATION MATRIX. RETURNING IDENTITY=300
mdtraj/rmsd/src/theobald_rmsd.cpp UNCONVERGED ROTATION MATRIX. RETURNING IDENTITY=300
mdtraj/rmsd/src/theobald_rmsd.cpp UNCONVERGED ROTATION MATRIX. RETURNING IDENTITY=300
mdtraj/rmsd/src/theobald_rmsd.cpp UNCONVERGED ROTATION MATRIX. RETURNING IDENTITY=300
mdtraj/rmsd/src/theobald_rmsd.cpp UNCONVERGED ROTATION MATRIX. RETURNING IDENTITY=300
mdtraj/rmsd/src/theobald_rmsd.cpp UNCONVERGED ROTATION MATRIX. RETURNING IDENTITY=300
mdtraj/rmsd/src/theobald_rmsd.cpp UNCONVERGED ROTATION MATRIX. RETURNING IDENTITY=300
mdtraj/rmsd/src/theobald_rmsd.cpp UNCONVERGED ROTATION MATRIX. RETURNING IDENTITY=300
mdtraj/rmsd/src/theobald_rmsd.cpp UNCONVERGED ROTATION MATRIX. RETURNING IDENTITY=300
mdtraj/rmsd/src/theobald_rmsd.cpp UNCONVERGED ROTATION MATRIX. RETURNING IDENTITY=300
mdtraj/rmsd/src/theobald_rmsd.cpp UNCONVERGED ROTATION MATRIX. RETURNING IDENTITY=300
mdtraj/rmsd/src/theobald_rmsd.cpp UNCONVERGED ROTATION MATRIX. RETURNING IDENTITY=300
mdtraj/rmsd/src/theobald_rmsd.cpp UNCONVERGED ROTATION MATRIX. RETURNING IDENTITY=300
mdtraj/rmsd/src/theobald_rmsd.cpp UNCONVERGED ROTATION MATRIX. RETURNING IDENTITY=300
mdtraj/rmsd/src/theobald_rmsd.cpp UNCONVERGED ROTATION MATRIX. RETURNING IDENTITY=300
mdtraj/rmsd/src/theobald_rmsd.cpp UNCONVERGED ROTATION MATRIX. RETURNING IDENTITY=300
mdtraj/rmsd/src/theobald_rmsd.cpp UNCONVERGED ROTATION MATRIX. RETURNING IDENTITY=300
mdtraj/rmsd/src/theobald_rmsd.cpp UNCONVERGED ROTATION MATRIX. RETURNING IDENTITY=300
mdtraj/rmsd/src/theobald_rmsd.cpp UNCONVERGED ROTATION MATRIX. RETURNING IDENTITY=300
mdtraj/rmsd/src/theobald_rmsd.cpp UNCONVERGED ROTATION MATRIX. RETURNING IDENTITY=300
mdtraj/rmsd/src/theobald_rmsd.cpp UNCONVERGED ROTATION MATRIX. RETURNING IDENTITY=300
mdtraj/rmsd/src/theobald_rmsd.cpp UNCONVERGED ROTATION MATRIX. RETURNING IDENTITY=300
mdtraj/rmsd/src/theobald_rmsd.cpp UNCONVERGED ROTATION MATRIX. RETURNING IDENTITY=300
mdtraj/rmsd/src/theobald_rmsd.cpp UNCONVERGED ROTATION MATRIX. RETURNING IDENTITY=300
mdtraj/rmsd/src/theobald_rmsd.cpp UNCONVERGED ROTATION MATRIX. RETURNING IDENTITY=300
mdtraj/rmsd/src/theobald_rmsd.cpp UNCONVERGED ROTATION MATRIX. RETURNING IDENTITY=300
mdtraj/rmsd/src/theobald_rmsd.cpp UNCONVERGED ROTATION MATRIX. RETURNING IDENTITY=300
mdtraj/rmsd/src/theobald_rmsd.cpp UNCONVERGED ROTATION MATRIX. RETURNING IDENTITY=300
mdtraj/rmsd/src/theobald_rmsd.cpp UNCONVERGED ROTATION MATRIX. RETURNING IDENTITY=300
mdtraj/rmsd/src/theobald_rmsd.cpp UNCONVERGED ROTATION MATRIX. RETURNING IDENTITY=300
mdtraj/rmsd/src/theobald_rmsd.cpp UNCONVERGED ROTATION MATRIX. RETURNING IDENTITY=300
mdtraj/rmsd/src/theobald_rmsd.cpp UNCONVERGED ROTATION MATRIX. RETURNING IDENTITY=300
mdtraj/rmsd/src/theobald_rmsd.cpp UNCONVERGED ROTATION MATRIX. RETURNING IDENTITY=300
mdtraj/rmsd/src/theobald_rmsd.cpp UNCONVERGED ROTATION MATRIX. RETURNING IDENTITY=300
mdtraj/rmsd/src/theobald_rmsd.cpp UNCONVERGED ROTATION MATRIX. RETURNING IDENTITY=300
mdtraj/rmsd/src/theobald_rmsd.cpp UNCONVERGED ROTATION MATRIX. RETURNING IDENTITY=300
mdtraj/rmsd/src/theobald_rmsd.cpp UNCONVERGED ROTATION MATRIX. RETURNING IDENTITY=300
mdtraj/rmsd/src/theobald_rmsd.cpp UNCONVERGED ROTATION MATRIX. RETURNING IDENTITY=300
mdtraj/rmsd/src/theobald_rmsd.cpp UNCONVERGED ROTATION MATRIX. RETURNING IDENTITY=300
mdtraj/rmsd/src/theobald_rmsd.cpp UNCONVERGED ROTATION MATRIX. RETURNING IDENTITY=300
mdtraj/rmsd/src/theobald_rmsd.cpp UNCONVERGED ROTATION MATRIX. RETURNING IDENTITY=300
mdtraj/rmsd/src/theobald_rmsd.cpp UNCONVERGED ROTATION MATRIX. RETURNING IDENTITY=300
mdtraj/rmsd/src/theobald_rmsd.cpp UNCONVERGED ROTATION MATRIX. RETURNING IDENTITY=300
mdtraj/rmsd/src/theobald_rmsd.cpp UNCONVERGED ROTATION MATRIX. RETURNING IDENTITY=300
mdtraj/rmsd/src/theobald_rmsd.cpp UNCONVERGED ROTATION MATRIX. RETURNING IDENTITY=300
mdtraj/rmsd/src/theobald_rmsd.cpp UNCONVERGED ROTATION MATRIX. RETURNING IDENTITY=300
mdtraj/rmsd/src/theobald_rmsd.cpp UNCONVERGED ROTATION MATRIX. RETURNING IDENTITY=300
mdtraj/rmsd/src/theobald_rmsd.cpp UNCONVERGED ROTATION MATRIX. RETURNING IDENTITY=300
mdtraj/rmsd/src/theobald_rmsd.cpp UNCONVERGED ROTATION MATRIX. RETURNING IDENTITY=300
mdtraj/rmsd/src/theobald_rmsd.cpp UNCONVERGED ROTATION MATRIX. RETURNING IDENTITY=300
mdtraj/rmsd/src/theobald_rmsd.cpp UNCONVERGED ROTATION MATRIX. RETURNING IDENTITY=300
mdtraj/rmsd/src/theobald_rmsd.cpp UNCONVERGED ROTATION MATRIX. RETURNING IDENTITY=300
mdtraj/rmsd/src/theobald_rmsd.cpp UNCONVERGED ROTATION MATRIX. RETURNING IDENTITY=300
mdtraj/rmsd/src/theobald_rmsd.cpp UNCONVERGED ROTATION MATRIX. RETURNING IDENTITY=300
mdtraj/rmsd/src/theobald_rmsd.cpp UNCONVERGED ROTATION MATRIX. RETURNING IDENTITY=300
mdtraj/rmsd/src/theobald_rmsd.cpp UNCONVERGED ROTATION MATRIX. RETURNING IDENTITY=300
mdtraj/rmsd/src/theobald_rmsd.cpp UNCONVERGED ROTATION MATRIX. RETURNING IDENTITY=300
mdtraj/rmsd/src/theobald_rmsd.cpp UNCONVERGED ROTATION MATRIX. RETURNING IDENTITY=300
mdtraj/rmsd/src/theobald_rmsd.cpp UNCONVERGED ROTATION MATRIX. RETURNING IDENTITY=300
mdtraj/rmsd/src/theobald_rmsd.cpp UNCONVERGED ROTATION MATRIX. RETURNING IDENTITY=300
mdtraj/rmsd/src/theobald_rmsd.cpp UNCONVERGED ROTATION MATRIX. RETURNING IDENTITY=300
mdtraj/rmsd/src/theobald_rmsd.cpp UNCONVERGED ROTATION MATRIX. RETURNING IDENTITY=300
mdtraj/rmsd/src/theobald_rmsd.cpp UNCONVERGED ROTATION MATRIX. RETURNING IDENTITY=300
mdtraj/rmsd/src/theobald_rmsd.cpp UNCONVERGED ROTATION MATRIX. RETURNING IDENTITY=300
mdtraj/rmsd/src/theobald_rmsd.cpp UNCONVERGED ROTATION MATRIX. RETURNING IDENTITY=300
mdtraj/rmsd/src/theobald_rmsd.cpp UNCONVERGED ROTATION MATRIX. RETURNING IDENTITY=300
mdtraj/rmsd/src/theobald_rmsd.cpp UNCONVERGED ROTATION MATRIX. RETURNING IDENTITY=300
mdtraj/rmsd/src/theobald_rmsd.cpp UNCONVERGED ROTATION MATRIX. RETURNING IDENTITY=300
mdtraj/rmsd/src/theobald_rmsd.cpp UNCONVERGED ROTATION MATRIX. RETURNING IDENTITY=300
mdtraj/rmsd/src/theobald_rmsd.cpp UNCONVERGED ROTATION MATRIX. RETURNING IDENTITY=300
mdtraj/rmsd/src/theobald_rmsd.cpp UNCONVERGED ROTATION MATRIX. RETURNING IDENTITY=300
mdtraj/rmsd/src/theobald_rmsd.cpp UNCONVERGED ROTATION MATRIX. RETURNING IDENTITY=300
mdtraj/rmsd/src/theobald_rmsd.cpp UNCONVERGED ROTATION MATRIX. RETURNING IDENTITY=300
mdtraj/rmsd/src/theobald_rmsd.cpp UNCONVERGED ROTATION MATRIX. RETURNING IDENTITY=300
mdtraj/rmsd/src/theobald_rmsd.cpp UNCONVERGED ROTATION MATRIX. RETURNING IDENTITY=300
mdtraj/rmsd/src/theobald_rmsd.cpp UNCONVERGED ROTATION MATRIX. RETURNING IDENTITY=300
mdtraj/rmsd/src/theobald_rmsd.cpp UNCONVERGED ROTATION MATRIX. RETURNING IDENTITY=300
mdtraj/rmsd/src/theobald_rmsd.cpp UNCONVERGED ROTATION MATRIX. RETURNING IDENTITY=300
mdtraj/rmsd/src/theobald_rmsd.cpp UNCONVERGED ROTATION MATRIX. RETURNING IDENTITY=300
mdtraj/rmsd/src/theobald_rmsd.cpp UNCONVERGED ROTATION MATRIX. RETURNING IDENTITY=300
mdtraj/rmsd/src/theobald_rmsd.cpp UNCONVERGED ROTATION MATRIX. RETURNING IDENTITY=300
mdtraj/rmsd/src/theobald_rmsd.cpp UNCONVERGED ROTATION MATRIX. RETURNING IDENTITY=300
mdtraj/rmsd/src/theobald_rmsd.cpp UNCONVERGED ROTATION MATRIX. RETURNING IDENTITY=300
mdtraj/rmsd/src/theobald_rmsd.cpp UNCONVERGED ROTATION MATRIX. RETURNING IDENTITY=300
mdtraj/rmsd/src/theobald_rmsd.cpp UNCONVERGED ROTATION MATRIX. RETURNING IDENTITY=300
mdtraj/rmsd/src/theobald_rmsd.cpp UNCONVERGED ROTATION MATRIX. RETURNING IDENTITY=300
mdtraj/rmsd/src/theobald_rmsd.cpp UNCONVERGED ROTATION MATRIX. RETURNING IDENTITY=300
mdtraj/rmsd/src/theobald_rmsd.cpp UNCONVERGED ROTATION MATRIX. RETURNING IDENTITY=300
mdtraj/rmsd/src/theobald_rmsd.cpp UNCONVERGED ROTATION MATRIX. RETURNING IDENTITY=300
mdtraj/rmsd/src/theobald_rmsd.cpp UNCONVERGED ROTATION MATRIX. RETURNING IDENTITY=300
mdtraj/rmsd/src/theobald_rmsd.cpp UNCONVERGED ROTATION MATRIX. RETURNING IDENTITY=300
mdtraj/rmsd/src/theobald_rmsd.cpp UNCONVERGED ROTATION MATRIX. RETURNING IDENTITY=300
mdtraj/rmsd/src/theobald_rmsd.cpp UNCONVERGED ROTATION MATRIX. RETURNING IDENTITY=300
mdtraj/rmsd/src/theobald_rmsd.cpp UNCONVERGED ROTATION MATRIX. RETURNING IDENTITY=300
mdtraj/rmsd/src/theobald_rmsd.cpp UNCONVERGED ROTATION MATRIX. RETURNING IDENTITY=300
mdtraj/rmsd/src/theobald_rmsd.cpp UNCONVERGED ROTATION MATRIX. RETURNING IDENTITY=300
mdtraj/rmsd/src/theobald_rmsd.cpp UNCONVERGED ROTATION MATRIX. RETURNING IDENTITY=300
mdtraj/rmsd/src/theobald_rmsd.cpp UNCONVERGED ROTATION MATRIX. RETURNING IDENTITY=300
mdtraj/rmsd/src/theobald_rmsd.cpp UNCONVERGED ROTATION MATRIX. RETURNING IDENTITY=300
mdtraj/rmsd/src/theobald_rmsd.cpp UNCONVERGED ROTATION MATRIX. RETURNING IDENTITY=300
mdtraj/rmsd/src/theobald_rmsd.cpp UNCONVERGED ROTATION MATRIX. RETURNING IDENTITY=300
mdtraj/rmsd/src/theobald_rmsd.cpp UNCONVERGED ROTATION MATRIX. RETURNING IDENTITY=300
mdtraj/rmsd/src/theobald_rmsd.cpp UNCONVERGED ROTATION MATRIX. RETURNING IDENTITY=300
mdtraj/rmsd/src/theobald_rmsd.cpp UNCONVERGED ROTATION MATRIX. RETURNING IDENTITY=300
mdtraj/rmsd/src/theobald_rmsd.cpp UNCONVERGED ROTATION MATRIX. RETURNING IDENTITY=300
mdtraj/rmsd/src/theobald_rmsd.cpp UNCONVERGED ROTATION MATRIX. RETURNING IDENTITY=300
Process ForkPoolWorker-3:
Process ForkPoolWorker-4:
Process ForkPoolWorker-2:
Process ForkPoolWorker-5:
  0%|          | 0/1 [03:27<?, ?it/s]
Traceback (most recent call last):
  File "/home/jeff/miniconda3/envs/mdgen/lib/python3.10/multiprocessing/pool.py", line 856, in next
    item = self._items.popleft()
IndexError: pop from an empty deque

During handling of the above exception, another exception occurred:

Traceback (most recent call last):
  File "/home/jeff/miniconda3/envs/mdgen/lib/python3.10/runpy.py", line 196, in _run_module_as_main
    return _run_code(code, main_globals, None,
  File "/home/jeff/miniconda3/envs/mdgen/lib/python3.10/runpy.py", line 86, in _run_code
    exec(code, run_globals)
  File "/mnt/hdd/jeff/mdgen-#1/scripts/analyze_ensembles#4.py", line 300, in <module>
    out = dict(tqdm.tqdm(__map__(main, pdb_id), total=len(pdb_id)))
  File "/home/jeff/miniconda3/envs/mdgen/lib/python3.10/site-packages/tqdm/std.py", line 1181, in __iter__
    for obj in iterable:
  File "/home/jeff/miniconda3/envs/mdgen/lib/python3.10/multiprocessing/pool.py", line 861, in next
    self._cond.wait(timeout)
  File "/home/jeff/miniconda3/envs/mdgen/lib/python3.10/threading.py", line 320, in wait
    waiter.acquire()
KeyboardInterrupt
Traceback (most recent call last):
  File "/home/jeff/miniconda3/envs/mdgen/lib/python3.10/multiprocessing/process.py", line 314, in _bootstrap
    self.run()
  File "/home/jeff/miniconda3/envs/mdgen/lib/python3.10/multiprocessing/process.py", line 108, in run
    self._target(*self._args, **self._kwargs)
  File "/home/jeff/miniconda3/envs/mdgen/lib/python3.10/multiprocessing/pool.py", line 114, in worker
    task = get()
  File "/home/jeff/miniconda3/envs/mdgen/lib/python3.10/multiprocessing/queues.py", line 364, in get
    with self._rlock:
  File "/home/jeff/miniconda3/envs/mdgen/lib/python3.10/multiprocessing/synchronize.py", line 95, in __enter__
    return self._semlock.__enter__()
KeyboardInterrupt
Traceback (most recent call last):
  File "/home/jeff/miniconda3/envs/mdgen/lib/python3.10/multiprocessing/process.py", line 314, in _bootstrap
    self.run()
Traceback (most recent call last):
  File "/home/jeff/miniconda3/envs/mdgen/lib/python3.10/multiprocessing/process.py", line 108, in run
    self._target(*self._args, **self._kwargs)
  File "/home/jeff/miniconda3/envs/mdgen/lib/python3.10/multiprocessing/pool.py", line 114, in worker
    task = get()
  File "/home/jeff/miniconda3/envs/mdgen/lib/python3.10/multiprocessing/queues.py", line 364, in get
    with self._rlock:
  File "/home/jeff/miniconda3/envs/mdgen/lib/python3.10/multiprocessing/synchronize.py", line 95, in __enter__
    return self._semlock.__enter__()
KeyboardInterrupt
  File "/home/jeff/miniconda3/envs/mdgen/lib/python3.10/multiprocessing/process.py", line 314, in _bootstrap
    self.run()
Traceback (most recent call last):
  File "/home/jeff/miniconda3/envs/mdgen/lib/python3.10/multiprocessing/process.py", line 108, in run
    self._target(*self._args, **self._kwargs)
  File "/home/jeff/miniconda3/envs/mdgen/lib/python3.10/multiprocessing/pool.py", line 114, in worker
    task = get()
  File "/home/jeff/miniconda3/envs/mdgen/lib/python3.10/multiprocessing/queues.py", line 364, in get
    with self._rlock:
  File "/home/jeff/miniconda3/envs/mdgen/lib/python3.10/multiprocessing/synchronize.py", line 95, in __enter__
    return self._semlock.__enter__()
KeyboardInterrupt
  File "/home/jeff/miniconda3/envs/mdgen/lib/python3.10/multiprocessing/process.py", line 314, in _bootstrap
    self.run()
  File "/home/jeff/miniconda3/envs/mdgen/lib/python3.10/multiprocessing/process.py", line 108, in run
    self._target(*self._args, **self._kwargs)
  File "/home/jeff/miniconda3/envs/mdgen/lib/python3.10/multiprocessing/pool.py", line 114, in worker
    task = get()
  File "/home/jeff/miniconda3/envs/mdgen/lib/python3.10/multiprocessing/queues.py", line 365, in get
    res = self._reader.recv_bytes()
  File "/home/jeff/miniconda3/envs/mdgen/lib/python3.10/multiprocessing/connection.py", line 216, in recv_bytes
    buf = self._recv_bytes(maxlength)
  File "/home/jeff/miniconda3/envs/mdgen/lib/python3.10/multiprocessing/connection.py", line 414, in _recv_bytes
    buf = self._recv(4)
  File "/home/jeff/miniconda3/envs/mdgen/lib/python3.10/multiprocessing/connection.py", line 379, in _recv
    chunk = read(handle, remaining)
KeyboardInterrupt
